2025-01-28 00:51:54 - INFO - Début du traitement du fichier: C:\Users\cheik\OneDrive\Bureau\ProjetIngenieur\ping\Backend\data\raw\global2024.xlsx
2025-01-28 00:51:59 - INFO - Fichier lu avec succès. Nombre de lignes: 39126
2025-01-28 00:51:59 - INFO - Début du traitement des nouvelles données. Lignes reçues: 39126
2025-01-28 00:52:38 - INFO - Traitement terminé avec succès
2025-01-28 12:02:37 - INFO - Début du traitement du fichier: C:\Users\cheik\OneDrive\Bureau\ProjetIngenieur\ping\Backend\data\raw\global2024.xlsx
2025-01-28 12:02:51 - INFO - Fichier lu avec succès. Nombre de lignes: 39126
2025-01-28 12:02:51 - INFO - Début du traitement des nouvelles données. Lignes reçues: 39126
2025-01-28 12:03:55 - INFO - Traitement terminé avec succès
2025-01-28 13:28:43 - INFO - Début du traitement du fichier: C:\Users\cheik\OneDrive\Bureau\ProjetIngenieur\ping\Backend\data\raw\global2024.xlsx
2025-01-28 13:28:48 - INFO - Fichier lu avec succès. Nombre de lignes: 39126
2025-01-28 13:28:48 - INFO - Début du traitement des nouvelles données. Lignes reçues: 39126
2025-01-28 13:29:37 - INFO - Traitement terminé avec succès
2025-01-28 14:01:43 - INFO - Début du traitement du fichier: C:\Users\cheik\OneDrive\Bureau\ProjetIngenieur\ping\Backend\data\raw\global2024_1.xlsx
2025-01-28 14:01:47 - INFO - Fichier lu avec succès. Nombre de lignes: 39126
2025-01-28 14:01:47 - INFO - Début du traitement des nouvelles données. Lignes reçues: 39126
2025-01-28 14:02:07 - INFO - Début du traitement du fichier: C:\Users\cheik\OneDrive\Bureau\ProjetIngenieur\ping\Backend\data\raw\global2024_1.xlsx
2025-01-28 14:02:11 - INFO - Fichier lu avec succès. Nombre de lignes: 39126
2025-01-28 14:02:11 - INFO - Début du traitement des nouvelles données. Lignes reçues: 39126
2025-01-28 14:02:58 - INFO - Traitement terminé avec succès
2025-01-28 14:03:56 - INFO - Début du traitement du fichier: C:\Users\cheik\OneDrive\Bureau\ProjetIngenieur\ping\Backend\data\raw\global2024_1.xlsx
2025-01-28 14:03:59 - INFO - Fichier lu avec succès. Nombre de lignes: 39126
2025-01-28 14:03:59 - INFO - Début du traitement des nouvelles données. Lignes reçues: 39126
2025-01-28 14:04:46 - INFO - Traitement terminé avec succès
2025-01-28 14:05:16 - INFO - Début du traitement du fichier: C:\Users\cheik\OneDrive\Bureau\ProjetIngenieur\ping\Backend\data\raw\global2024.xlsx
2025-01-28 14:05:21 - INFO - Fichier lu avec succès. Nombre de lignes: 39126
2025-01-28 14:05:21 - INFO - Début du traitement des nouvelles données. Lignes reçues: 39126
2025-01-28 14:06:09 - INFO - Traitement terminé avec succès
2025-01-28 14:06:54 - INFO - Début du traitement du fichier: C:\Users\cheik\OneDrive\Bureau\ProjetIngenieur\ping\Backend\data\raw\global2024_1.xlsx
2025-01-28 14:06:59 - INFO - Fichier lu avec succès. Nombre de lignes: 39126
2025-01-28 14:06:59 - INFO - Début du traitement des nouvelles données. Lignes reçues: 39126
2025-01-28 14:08:04 - INFO - Traitement terminé avec succès
2025-01-28 14:10:15 - INFO - Début du traitement du fichier: C:\Users\cheik\OneDrive\Bureau\ProjetIngenieur\ping\Backend\data\raw\global2024_1.xlsx
2025-01-28 14:10:19 - INFO - Fichier lu avec succès. Nombre de lignes: 39126
2025-01-28 14:10:19 - INFO - Début du traitement des nouvelles données. Lignes reçues: 39126
2025-01-28 14:11:18 - INFO - Traitement terminé avec succès
2025-01-28 14:16:26 - INFO - Début du traitement du fichier: C:\Users\cheik\OneDrive\Bureau\ProjetIngenieur\ping\Backend\data\raw\global2024_1.xlsx
2025-01-28 14:16:31 - INFO - Fichier lu avec succès. Nombre de lignes: 39126
2025-01-28 14:16:31 - INFO - Début du traitement des nouvelles données. Lignes reçues: 39126
2025-01-28 14:17:34 - INFO - Traitement terminé avec succès
2025-01-28 14:28:42 - INFO - Début du traitement du fichier: C:\Users\cheik\OneDrive\Bureau\ProjetIngenieur\ping\Backend\data\raw\global2024_1.xlsx
2025-01-28 14:28:47 - INFO - Fichier lu avec succès. Nombre de lignes: 39126
2025-01-28 14:28:47 - INFO - Début du traitement des nouvelles données. Lignes reçues: 39126
2025-01-28 14:29:50 - INFO - Traitement terminé avec succès
2025-01-28 14:32:13 - INFO - Début du traitement du fichier: C:\Users\cheik\OneDrive\Bureau\ProjetIngenieur\ping\Backend\data\raw\global2024_1.xlsx
2025-01-28 14:32:17 - INFO - Fichier lu avec succès. Nombre de lignes: 39126
2025-01-28 14:32:17 - INFO - Début du traitement des nouvelles données. Lignes reçues: 39126
2025-01-28 14:33:04 - INFO - Traitement terminé avec succès
2025-01-28 14:35:46 - INFO - Début du traitement du fichier: C:\Users\cheik\OneDrive\Bureau\ProjetIngenieur\ping\Backend\data\raw\global2024_1.xlsx
2025-01-28 14:35:49 - INFO - Fichier lu avec succès. Nombre de lignes: 39126
2025-01-28 14:35:49 - INFO - Début du traitement des nouvelles données. Lignes reçues: 39126
2025-01-28 14:35:57 - INFO - Traitement terminé avec succès
2025-01-28 14:38:17 - INFO - Début du traitement du fichier: C:\Users\cheik\OneDrive\Bureau\ProjetIngenieur\ping\Backend\data\raw\global2024_1.xlsx
2025-01-28 14:38:21 - INFO - Fichier lu avec succès. Nombre de lignes: 39126
2025-01-28 14:38:21 - INFO - Début du traitement des nouvelles données. Lignes reçues: 39126
2025-01-28 14:39:22 - INFO - Traitement terminé avec succès
2025-01-28 14:45:58 - INFO - Début du traitement du fichier: C:\Users\cheik\OneDrive\Bureau\ProjetIngenieur\ping\Backend\data\raw\global2024.xlsx
2025-01-28 14:46:01 - INFO - Fichier lu avec succès. Nombre de lignes: 39126
2025-01-28 14:46:01 - INFO - Début du traitement des nouvelles données. Lignes reçues: 39126
2025-01-28 14:47:02 - INFO - Traitement terminé avec succès
2025-01-28 14:48:12 - INFO - Début du traitement du fichier: C:\Users\cheik\OneDrive\Bureau\ProjetIngenieur\ping\Backend\data\raw\global2024_1.xlsx
2025-01-28 14:48:16 - INFO - Fichier lu avec succès. Nombre de lignes: 39126
2025-01-28 14:48:16 - INFO - Début du traitement des nouvelles données. Lignes reçues: 39126
2025-01-28 14:49:18 - INFO - Traitement terminé avec succès
2025-01-28 14:50:27 - INFO - Début du traitement du fichier: C:\Users\cheik\OneDrive\Bureau\ProjetIngenieur\ping\Backend\data\raw\global2024_1.xlsx
2025-01-28 14:50:31 - INFO - Fichier lu avec succès. Nombre de lignes: 39126
2025-01-28 14:50:31 - INFO - Début du traitement des nouvelles données. Lignes reçues: 39126
2025-01-28 14:51:31 - INFO - Traitement terminé avec succès
2025-01-28 14:53:43 - INFO - Début du traitement du fichier: C:\Users\cheik\OneDrive\Bureau\ProjetIngenieur\ping\Backend\data\raw\global2024_1.xlsx
2025-01-28 14:53:47 - INFO - Fichier lu avec succès. Nombre de lignes: 39126
2025-01-28 14:53:47 - INFO - Début du traitement des nouvelles données. Lignes reçues: 39126
2025-01-28 14:54:50 - INFO - Traitement terminé avec succès
2025-01-28 14:56:14 - INFO - Début du traitement du fichier: C:\Users\cheik\OneDrive\Bureau\ProjetIngenieur\ping\Backend\data\raw\global2024_1.xlsx
2025-01-28 14:56:18 - INFO - Fichier lu avec succès. Nombre de lignes: 39126
2025-01-28 14:56:18 - INFO - Début du traitement des nouvelles données. Lignes reçues: 39126
2025-01-28 14:57:23 - INFO - Traitement terminé avec succès
2025-01-28 15:09:46 - INFO - Début du traitement du fichier: C:\Users\cheik\OneDrive\Bureau\ProjetIngenieur\ping\Backend\data\raw\global2024_1.xlsx
2025-01-28 15:09:50 - INFO - Fichier lu avec succès. Nombre de lignes: 39126
2025-01-28 15:09:50 - INFO - Début du traitement des nouvelles données. Lignes reçues: 39126
2025-01-28 15:11:23 - INFO - Traitement terminé avec succès
2025-01-28 16:45:23 - INFO - Début du traitement du fichier: C:\Users\cheik\OneDrive\Bureau\ProjetIngenieur\ping\Backend\data\raw\global2024.xlsx
2025-01-28 16:45:26 - INFO - Fichier lu avec succès. Nombre de lignes: 39126
2025-01-28 16:45:26 - INFO - Début du traitement des nouvelles données. Lignes reçues: 39126
2025-01-28 16:45:57 - INFO - Traitement terminé avec succès
2025-01-28 16:58:17 - INFO - Début du traitement du fichier: C:\Users\cheik\OneDrive\Bureau\ProjetIngenieur\ping\Backend\data\raw\global2024.xlsx
2025-01-28 16:58:21 - INFO - Fichier lu avec succès. Nombre de lignes: 39126
2025-01-28 16:58:21 - INFO - Début du traitement des nouvelles données. Lignes reçues: 39126
2025-01-28 16:58:55 - INFO - Traitement terminé avec succès
2025-01-28 17:04:16 - INFO - Début du traitement du fichier: C:\Users\cheik\OneDrive\Bureau\ProjetIngenieur\ping\Backend\data\raw\global2024_1.xlsx
2025-01-28 17:04:20 - INFO - Fichier lu avec succès. Nombre de lignes: 39126
2025-01-28 17:04:20 - INFO - Début du traitement des nouvelles données. Lignes reçues: 39126
2025-01-28 17:05:02 - INFO - Traitement terminé avec succès
